Remove Pin=B?-1 From Net=DGND
Remove Pin=B?-2 From Net=Piksi_RX
Remove Pin=B?-3 From Net=Piksi_TX
Remove Pin=B?-4 From Net=Teensy2_Reset
Remove Pin=B?-5 From Net=Docking1
Remove Pin=B?-6 From Net=Docking2
Remove Pin=B?-7 From Net=Docking_en
Remove Pin=B?-8 From Net=TempMuxA0
Remove Pin=B?-9 From Net=Quake_RX
Remove Pin=B?-10 From Net=Quake_TX
Remove Pin=B?-12 From Net=TempMuxA1
Remove Pin=B?-13 From Net=TempMuxEN
Remove Pin=B?-34 From Net=DGND
Remove Pin=B?-35 From Net=Valve1
Remove Pin=B?-36 From Net=Valve2
Remove Pin=B?-37 From Net=Valve3
Remove Pin=B?-38 From Net=Teensy2_SCL
Remove Pin=B?-39 From Net=Teensy2_SDA
Remove Pin=B?-40 From Net=Valve4
Remove Pin=B?-41 From Net=Pressure1
Remove Pin=B?-42 From Net=24V_SAH_enable2
Remove Pin=B?-43 From Net=TempMuxRead
Remove Pin=B?-44 From Net=Valve5
Remove Pin=B?-45 From Net=QuakeEnable
Remove Pin=B?-47 From Net=AGND
Remove Pin=B?-48 From Net=5V_Teensy1
