Removed Pin From Net: NetName=DGND Pin=Mux-3
Removed Pin From Net: NetName=5V_TempSensors Pin=Mux-6
Removed Pin From Net: NetName=5V_TempSensors Pin=R4-1
Removed Pin From Net: NetName=DGND Pin=T2-2
Removed Pin From Net: NetName=DGND Pin=T3-2
Removed Pin From Net: NetName=DGND Pin=T4-2
Removed Member From Class: ClassName=PANUmbRev2 Member=Mux
Removed Member From Class: ClassName=PANUmbRev2 Member=R4
Removed Member From Class: ClassName=PANUmbRev2 Member=T4
Added Component: Designator=T1(RemoverBeforeFlight Switch)
Add component. Clean all parameters for all variants
Added Pin To Net: NetName=AGND Pin=T1-2
Added Pin To Net: NetName=AGND Pin=T2-2
Added Pin To Net: NetName=AGND Pin=T3-2
Added Pin To Net: NetName=TempRead1 Pin=PC-1-H1_2
Added Pin To Net: NetName=TempRead1 Pin=R1-2
Added Pin To Net: NetName=TempRead1 Pin=T1-1
Added Pin To Net: NetName=TempRead1 Pin=Teensy 3.5-27
Added Net: Name=TempRead1
Added Pin To Net: NetName=TempRead2 Pin=PC-1-H1_4
Added Pin To Net: NetName=TempRead2 Pin=R2-2
Added Pin To Net: NetName=TempRead2 Pin=T2-1
Added Pin To Net: NetName=TempRead2 Pin=Teensy 3.5-26
Added Net: Name=TempRead2
Added Pin To Net: NetName=TempRead3 Pin=PC-1-H1_6
Added Pin To Net: NetName=TempRead3 Pin=R3-2
Added Pin To Net: NetName=TempRead3 Pin=T3-1
Added Pin To Net: NetName=TempRead3 Pin=Teensy 3.5-25
Added Net: Name=TempRead3
Added Member To Class: ClassName=PANUmbRev2 Member=Component T1 TempSensor1
