Remove Pin=Teensy 3.5-1 From Net=DGND
Remove Pin=Teensy 3.5-2 From Net=Piksi_TX
Remove Pin=Teensy 3.5-3 From Net=Piksi_RX
Remove Pin=Teensy 3.5-5 From Net=Valve1
Remove Pin=Teensy 3.5-6 From Net=Valve2
Remove Pin=Teensy 3.5-7 From Net=Valve3
Remove Pin=Teensy 3.5-8 From Net=Valve4
Remove Pin=Teensy 3.5-9 From Net=Quake_TX
Remove Pin=Teensy 3.5-10 From Net=Quake_RX
Remove Pin=Teensy 3.5-11 From Net=Valve5
Remove Pin=Teensy 3.5-12 From Net=Valve6
Remove Pin=Teensy 3.5-13 From Net=Dock_Switch
Remove Pin=Teensy 3.5-16 From Net=DCDCmotor_EN
Remove Pin=Teensy 3.5-17 From Net=DCDCSAH_EN
Remove Pin=Teensy 3.5-23 From Net=XBEE_TX
Remove Pin=Teensy 3.5-24 From Net=XBEE_RX
Remove Pin=Teensy 3.5-34 From Net=DGND
Remove Pin=Teensy 3.5-35 From Net=Dock_Reset
Remove Pin=Teensy 3.5-36 From Net=Dock_Reset
Remove Pin=Teensy 3.5-37 From Net=Dock_Step
Remove Pin=Teensy 3.5-38 From Net=SCL
Remove Pin=Teensy 3.5-39 From Net=SDA
Remove Pin=Teensy 3.5-40 From Net=Dock_Dir
Remove Pin=Teensy 3.5-41 From Net=Temp1
Remove Pin=Teensy 3.5-42 From Net=Quake_EN
Remove Pin=Teensy 3.5-43 From Net=Temp2
Remove Pin=Teensy 3.5-44 From Net=Temp3
Remove Pin=Teensy 3.5-45 From Net=PressSense
Remove Pin=Teensy 3.5-47 From Net=AGND
Remove Pin=Teensy 3.5-48 From Net=5V_1
