Remove Pin=B1-1 From Net=DGND
Remove Pin=B1-2 From Net=Piksi_RX
Remove Pin=B1-3 From Net=Piksi_TX
Remove Pin=B1-4 From Net=Teensy2_Reset
Remove Pin=B1-5 From Net=Docking1
Remove Pin=B1-6 From Net=Docking2
Remove Pin=B1-7 From Net=Docking_en
Remove Pin=B1-8 From Net=TempMuxA0
Remove Pin=B1-9 From Net=Quake_RX
Remove Pin=B1-10 From Net=Quake_TX
Remove Pin=B1-12 From Net=TempMuxA1
Remove Pin=B1-13 From Net=TempMuxEN
Remove Pin=B1-34 From Net=DGND
Remove Pin=B1-35 From Net=Valve1
Remove Pin=B1-36 From Net=Valve2
Remove Pin=B1-37 From Net=Valve3
Remove Pin=B1-38 From Net=Teensy2_SCL
Remove Pin=B1-39 From Net=Teensy2_SDA
Remove Pin=B1-40 From Net=Valve4
Remove Pin=B1-41 From Net=Pressure1
Remove Pin=B1-42 From Net=24V_SAH_enable2
Remove Pin=B1-43 From Net=TempMuxRead
Remove Pin=B1-44 From Net=Valve5
Remove Pin=B1-45 From Net=QuakeEnable
Remove Pin=B1-47 From Net=AGND
Remove Pin=B1-48 From Net=5V_Teensy1
Remove Pin=PressSense-1 From Net=Pressure1
Change Component Designator: OldDesignator=PC-1 NewDesignator=PC-?
